<?xml version="1.0" encoding="UTF-8"?>
<!-- Generated by org.testng.reporters.JUnitXMLReporter -->
<testsuite ignored="0" hostname="GBP-LT258" failures="0" tests="3" name="Command line test" time="3.433" errors="0" timestamp="2025-11-30T14:28:08 IST">
  <testcase classname="files.Dynamicjson" name="addBook" time="3.0"/>
  <testcase classname="files.Dynamicjson" name="addBook" time="0.197"/>
  <testcase classname="files.Dynamicjson" name="addBook" time="0.166"/>
</testsuite> <!-- Command line test -->
