<?xml version="1.0" encoding="UTF-8"?>
<testng-results ignored="0" total="3" passed="3" failed="0" skipped="0">
  <reporter-output>
  </reporter-output>
  <suite started-at="2025-11-30T14:34:09 IST" name="Default suite" finished-at="2025-11-30T14:34:11 IST" duration-ms="2799">
    <groups>
    </groups>
    <test started-at="2025-11-30T14:34:09 IST" name="Default test" finished-at="2025-11-30T14:34:11 IST" duration-ms="2799">
      <class name="files.Dynamicjson">
        <test-method signature="addBook(java.lang.String,java.lang.String)[pri:0, instance:files.Dynamicjson@6aeb35e6]" started-at="2025-11-30T14:34:09 IST" name="addBook" data-provider="BooksData" finished-at="2025-11-30T14:34:11 IST" duration-ms="2390" status="PASS">
          <params>
            <param index="0">
              <value>
                <![CDATA[ojfwty]]>
              </value>
            </param>
            <param index="1">
              <value>
                <![CDATA[9363]]>
              </value>
            </param>
          </params>
          <reporter-output>
          </reporter-output>
        </test-method> <!-- addBook -->
        <test-method signature="addBook(java.lang.String,java.lang.String)[pri:0, instance:files.Dynamicjson@6aeb35e6]" started-at="2025-11-30T14:34:11 IST" name="addBook" data-provider="BooksData" finished-at="2025-11-30T14:34:11 IST" duration-ms="194" status="PASS">
          <params>
            <param index="0">
              <value>
                <![CDATA[cwetee]]>
              </value>
            </param>
            <param index="1">
              <value>
                <![CDATA[4253]]>
              </value>
            </param>
          </params>
          <reporter-output>
          </reporter-output>
        </test-method> <!-- addBook -->
        <test-method signature="addBook(java.lang.String,java.lang.String)[pri:0, instance:files.Dynamicjson@6aeb35e6]" started-at="2025-11-30T14:34:11 IST" name="addBook" data-provider="BooksData" finished-at="2025-11-30T14:34:11 IST" duration-ms="175" status="PASS">
          <params>
            <param index="0">
              <value>
                <![CDATA[okmfet]]>
              </value>
            </param>
            <param index="1">
              <value>
                <![CDATA[533]]>
              </value>
            </param>
          </params>
          <reporter-output>
          </reporter-output>
        </test-method> <!-- addBook -->
      </class> <!-- files.Dynamicjson -->
    </test> <!-- Default test -->
  </suite> <!-- Default suite -->
</testng-results>
