<?xml version="1.0" encoding="UTF-8"?>
<!-- Generated by org.testng.reporters.JUnitReportReporter -->
<testsuite hostname="GBP-LT258" failures="0" tests="3" name="files.Dynamicjson" time="2.759" errors="0" timestamp="2025-11-30T14:34:12 IST" skipped="0">
  <testcase classname="files.Dynamicjson" name="addBook" time="0.175"/>
  <testcase classname="files.Dynamicjson" name="addBook" time="2.390"/>
  <testcase classname="files.Dynamicjson" name="addBook" time="0.194"/>
</testsuite> <!-- files.Dynamicjson -->
