<?xml version="1.0" encoding="UTF-8"?>
<!-- Generated by org.testng.reporters.JUnitReportReporter -->
<testsuite hostname="GBP-LT258" failures="0" tests="3" name="files.Dynamicjson" time="3.363" errors="0" timestamp="2025-11-30T14:28:08 IST" skipped="0">
  <testcase classname="files.Dynamicjson" name="addBook" time="3.000"/>
  <testcase classname="files.Dynamicjson" name="addBook" time="0.166"/>
  <testcase classname="files.Dynamicjson" name="addBook" time="0.197"/>
</testsuite> <!-- files.Dynamicjson -->
